2015-09-14 00:00:03,225  INFO [main] - agh.project.ParserPackage.ParsePackages 149 - Satelite parsed successfully
2015-09-14 00:00:25,912  INFO [main] - agh.project.ParserPackage.ParsePackages 149 - Satelite parsed successfully
2015-09-14 00:03:22,632  INFO [main] - agh.project.ParserPackage.ParsePackages 149 - Satelite parsed successfully
2015-09-14 00:03:32,386  INFO [main] - agh.project.ParserPackage.ParsePackages 149 - Satelite parsed successfully
2015-09-14 00:04:28,898  INFO [main] - agh.project.ParserPackage.ParsePackages 149 - Satelite parsed successfully
2015-09-14 00:04:52,881  INFO [main] - agh.project.ParserPackage.ParsePackages 149 - Satelite parsed successfully
2015-09-14 00:05:03,127  INFO [main] - agh.project.ParserPackage.ParsePackages 149 - Satelite parsed successfully
2015-09-14 00:05:03,461  INFO [main] - agh.project.ParserPackage.ParseChannels 309 - Channels parsed successfully
2015-09-14 00:05:03,469  INFO [main] - agh.project.ParserPackage.SaveToFile 340 - File Eutelsat Hot Bird 13B.txt created successfully
2015-09-14 00:09:46,245  INFO [main] - agh.project.ParserPackage.ParsePackages 149 - Satelite parsed successfully
2015-09-14 00:10:05,699  INFO [main] - agh.project.ParserPackage.ParsePackages 149 - Satelite parsed successfully
2015-09-14 00:10:05,799  INFO [main] - agh.project.ParserPackage.ParseChannels 309 - Channels parsed successfully
2015-09-14 00:10:05,804  INFO [main] - agh.project.ParserPackage.SaveToFile 340 - File Eutelsat 36A.txt created successfully
2015-09-14 00:24:43,265  INFO [main] - agh.project.ParserPackage.ParsePackages 149 - Satelite parsed successfully
2015-09-14 00:32:25,314  INFO [main] - agh.project.ParserPackage.ParsePackages 149 - Satelite parsed successfully
2015-09-14 00:32:25,417  INFO [main] - agh.project.ParserPackage.ParseChannels 309 - Channels parsed successfully
2015-09-14 00:32:25,422  INFO [main] - agh.project.ParserPackage.SaveToFile 340 - File Eutelsat 36A.txt created successfully
2015-09-14 00:32:53,473  INFO [main] - agh.project.ParserPackage.ParsePackages 149 - Satelite parsed successfully
2015-09-14 00:32:53,921  INFO [main] - agh.project.ParserPackage.ParseChannels 309 - Channels parsed successfully
2015-09-14 00:32:53,928  INFO [main] - agh.project.ParserPackage.SaveToFile 340 - File Eutelsat Hot Bird 13B.txt created successfully
2015-09-14 00:34:44,650  INFO [main] - agh.project.ParserPackage.ParsePackages 149 - Satelite parsed successfully
2015-09-14 00:34:45,001  INFO [main] - agh.project.ParserPackage.ParseChannels 309 - Channels parsed successfully
2015-09-14 00:34:45,002 ERROR [main] - agh.project.ParserPackage.SaveToFile 342 - File not found
2015-09-14 00:36:34,607  INFO [main] - agh.project.ParserPackage.ParsePackages 149 - Satelite parsed successfully
2015-09-14 00:36:35,099  INFO [main] - agh.project.ParserPackage.ParseChannels 309 - Channels parsed successfully
2015-09-14 00:36:35,107  INFO [main] - agh.project.ParserPackage.SaveToFile 340 - File channels/Eutelsat Hot Bird 13B.txt created successfully
2015-09-14 00:48:24,258  INFO [main] - agh.project.ParserPackage.ParsePackages 149 - Satelite parsed successfully
2015-09-14 00:48:24,625  INFO [main] - agh.project.ParserPackage.ParseChannels 309 - Channels parsed successfully
2015-09-14 00:48:24,682  INFO [main] - agh.project.ParserPackage.SaveToFile 340 - File channels/Eutelsat Hot Bird 13B.txt created successfully
2015-09-14 00:52:33,267  INFO [main] - agh.project.ParserPackage.ParsePackages 149 - Satelite parsed successfully
2015-09-14 00:52:33,654  INFO [main] - agh.project.ParserPackage.ParseChannels 309 - Channels parsed successfully
2015-09-14 00:52:33,661  INFO [main] - agh.project.ParserPackage.SaveToFile 340 - File channels/Eutelsat Hot Bird 13B.txt created successfully
2015-09-14 00:52:39,198  INFO [main] - agh.project.Log4j.main 25 - Creating 'poperties' file
2015-09-14 00:52:39,259  INFO [main] - agh.project.Log4j.main 28 - Downloading websites sources
2015-09-14 00:52:44,658  INFO [main] - agh.project.Log4j.initComponents 222 - Parsing
2015-09-14 00:52:45,106  INFO [main] - agh.project.Log4j.initComponents 229 - Creating data base
2015-09-14 00:52:48,524  INFO [main] - agh.project.Log4j.initComponents 233 - Writing to data base
2015-09-14 00:53:50,231  INFO [main] - agh.project.Log4j.initComponents 237 - Opening GUI window
2015-09-14 00:55:24,122  INFO [main] - agh.project.ParserPackage.ParseChannels 295 - Channels parsed successfully
2015-09-14 00:55:24,135  INFO [main] - agh.project.ParserPackage.SaveToFile 326 - File channels/Eutelsat Hot Bird 13B.txt created successfully
2015-09-14 00:58:53,477  INFO [main] - agh.project.ParserPackage.ParsePackages 141 - Satelite parsed successfully
2015-09-14 00:58:54,118  INFO [main] - agh.project.ParserPackage.ParseChannels 301 - Channels parsed successfully
2015-09-14 00:58:54,125  INFO [main] - agh.project.ParserPackage.SaveToFile 332 - File channels/Eutelsat Hot Bird 13B.txt created successfully
2015-09-14 00:59:16,070  INFO [main] - agh.project.ParserPackage.ParsePackages 141 - Satelite parsed successfully
2015-09-14 00:59:16,709  INFO [main] - agh.project.ParserPackage.ParseChannels 301 - Channels parsed successfully
2015-09-14 00:59:16,716  INFO [main] - agh.project.ParserPackage.SaveToFile 332 - File channels/Eutelsat Hot Bird 13B.txt created successfully
2015-09-14 01:00:25,780  INFO [main] - agh.project.ParserPackage.ParsePackages 141 - Satelite parsed successfully
2015-09-14 01:00:26,122  INFO [main] - agh.project.ParserPackage.ParseChannels 301 - Channels parsed successfully
2015-09-14 01:00:26,131  INFO [main] - agh.project.ParserPackage.SaveToFile 332 - File channels/Eutelsat Hot Bird 13B.txt created successfully
2015-09-14 01:08:55,600  INFO [main] - agh.project.ParserPackage.ParsePackages 147 - Satelite parsed successfully
2015-09-14 01:08:55,663  INFO [main] - agh.project.ParserPackage.ParsePackages 147 - Satelite parsed successfully
2015-09-14 01:08:55,683  INFO [main] - agh.project.ParserPackage.ParsePackages 147 - Satelite parsed successfully
2015-09-14 01:08:55,714  INFO [main] - agh.project.ParserPackage.ParsePackages 147 - Satelite parsed successfully
2015-09-14 01:08:55,775  INFO [main] - agh.project.ParserPackage.ParsePackages 147 - Satelite parsed successfully
2015-09-14 01:08:55,794  INFO [main] - agh.project.ParserPackage.ParsePackages 147 - Satelite parsed successfully
2015-09-14 01:08:55,835  INFO [main] - agh.project.ParserPackage.ParsePackages 147 - Satelite parsed successfully
2015-09-14 01:08:55,852  INFO [main] - agh.project.ParserPackage.ParsePackages 147 - Satelite parsed successfully
2015-09-14 01:08:55,880  INFO [main] - agh.project.ParserPackage.ParsePackages 147 - Satelite parsed successfully
2015-09-14 01:08:55,897  INFO [main] - agh.project.ParserPackage.ParsePackages 147 - Satelite parsed successfully
2015-09-14 01:08:55,985  INFO [main] - agh.project.ParserPackage.ParsePackages 147 - Satelite parsed successfully
2015-09-14 01:08:56,025  INFO [main] - agh.project.ParserPackage.ParsePackages 147 - Satelite parsed successfully
2015-09-14 01:08:56,045  INFO [main] - agh.project.ParserPackage.ParsePackages 147 - Satelite parsed successfully
2015-09-14 01:08:56,076  INFO [main] - agh.project.ParserPackage.ParsePackages 147 - Satelite parsed successfully
2015-09-14 01:08:56,095  INFO [main] - agh.project.ParserPackage.ParsePackages 147 - Satelite parsed successfully
2015-09-14 01:08:56,143  INFO [main] - agh.project.ParserPackage.ParsePackages 147 - Satelite parsed successfully
2015-09-14 01:08:56,168  INFO [main] - agh.project.ParserPackage.ParsePackages 147 - Satelite parsed successfully
2015-09-14 01:08:56,199  INFO [main] - agh.project.ParserPackage.ParsePackages 147 - Satelite parsed successfully
2015-09-14 01:08:56,217  INFO [main] - agh.project.ParserPackage.ParsePackages 147 - Satelite parsed successfully
2015-09-14 01:08:56,262  INFO [main] - agh.project.ParserPackage.ParsePackages 147 - Satelite parsed successfully
2015-09-14 01:08:56,289  INFO [main] - agh.project.ParserPackage.ParsePackages 147 - Satelite parsed successfully
2015-09-14 01:08:56,306  INFO [main] - agh.project.ParserPackage.ParsePackages 147 - Satelite parsed successfully
2015-09-14 01:08:56,337  INFO [main] - agh.project.ParserPackage.ParsePackages 147 - Satelite parsed successfully
2015-09-14 01:08:56,354  INFO [main] - agh.project.ParserPackage.ParsePackages 147 - Satelite parsed successfully
2015-09-14 01:08:56,381  INFO [main] - agh.project.ParserPackage.ParsePackages 147 - Satelite parsed successfully
2015-09-14 01:08:56,399  INFO [main] - agh.project.ParserPackage.ParsePackages 147 - Satelite parsed successfully
2015-09-14 01:08:56,426  INFO [main] - agh.project.ParserPackage.ParsePackages 147 - Satelite parsed successfully
2015-09-14 01:08:56,444  INFO [main] - agh.project.ParserPackage.ParsePackages 147 - Satelite parsed successfully
2015-09-14 01:08:56,490  INFO [main] - agh.project.ParserPackage.ParsePackages 147 - Satelite parsed successfully
2015-09-14 01:08:56,517  INFO [main] - agh.project.ParserPackage.ParsePackages 147 - Satelite parsed successfully
2015-09-14 01:08:56,534  INFO [main] - agh.project.ParserPackage.ParsePackages 147 - Satelite parsed successfully
2015-09-14 01:08:56,586  INFO [main] - agh.project.ParserPackage.ParsePackages 147 - Satelite parsed successfully
2015-09-14 01:08:56,614  INFO [main] - agh.project.ParserPackage.ParsePackages 147 - Satelite parsed successfully
2015-09-14 01:08:56,650  INFO [main] - agh.project.ParserPackage.ParsePackages 147 - Satelite parsed successfully
2015-09-14 01:08:56,670  INFO [main] - agh.project.ParserPackage.ParsePackages 147 - Satelite parsed successfully
2015-09-14 01:08:56,717  INFO [main] - agh.project.ParserPackage.ParsePackages 147 - Satelite parsed successfully
2015-09-14 01:08:56,750  INFO [main] - agh.project.ParserPackage.ParsePackages 147 - Satelite parsed successfully
2015-09-14 01:08:56,820  INFO [main] - agh.project.ParserPackage.ParsePackages 147 - Satelite parsed successfully
2015-09-14 01:08:56,883  INFO [main] - agh.project.ParserPackage.ParsePackages 147 - Satelite parsed successfully
2015-09-14 01:08:56,903  INFO [main] - agh.project.ParserPackage.ParsePackages 147 - Satelite parsed successfully
2015-09-14 01:08:56,936  INFO [main] - agh.project.ParserPackage.ParsePackages 147 - Satelite parsed successfully
2015-09-14 01:08:56,974  INFO [main] - agh.project.ParserPackage.ParsePackages 147 - Satelite parsed successfully
2015-09-14 01:08:57,074  INFO [main] - agh.project.ParserPackage.ParsePackages 147 - Satelite parsed successfully
2015-09-14 01:08:57,107  INFO [main] - agh.project.ParserPackage.ParsePackages 147 - Satelite parsed successfully
2015-09-14 01:08:57,229  INFO [main] - agh.project.ParserPackage.ParsePackages 147 - Satelite parsed successfully
2015-09-14 01:08:57,257  INFO [main] - agh.project.ParserPackage.ParsePackages 147 - Satelite parsed successfully
2015-09-14 01:08:57,278  INFO [main] - agh.project.ParserPackage.ParsePackages 147 - Satelite parsed successfully
2015-09-14 01:08:57,338  INFO [main] - agh.project.ParserPackage.ParsePackages 147 - Satelite parsed successfully
2015-09-14 01:08:57,360  INFO [main] - agh.project.ParserPackage.ParsePackages 147 - Satelite parsed successfully
2015-09-14 01:08:57,414  INFO [main] - agh.project.ParserPackage.ParsePackages 147 - Satelite parsed successfully
2015-09-14 01:08:57,448  INFO [main] - agh.project.ParserPackage.ParsePackages 147 - Satelite parsed successfully
2015-09-14 01:08:57,501  INFO [main] - agh.project.ParserPackage.ParsePackages 147 - Satelite parsed successfully
2015-09-14 01:08:57,553  INFO [main] - agh.project.ParserPackage.ParsePackages 147 - Satelite parsed successfully
2015-09-14 01:08:57,587  INFO [main] - agh.project.ParserPackage.ParsePackages 147 - Satelite parsed successfully
2015-09-14 01:08:57,622  INFO [main] - agh.project.ParserPackage.ParsePackages 147 - Satelite parsed successfully
2015-09-14 01:08:57,652  INFO [main] - agh.project.ParserPackage.ParsePackages 147 - Satelite parsed successfully
2015-09-14 01:08:57,704  INFO [main] - agh.project.ParserPackage.ParsePackages 147 - Satelite parsed successfully
2015-09-14 01:08:57,723  INFO [main] - agh.project.ParserPackage.ParsePackages 147 - Satelite parsed successfully
2015-09-14 01:08:57,784  INFO [main] - agh.project.ParserPackage.ParsePackages 147 - Satelite parsed successfully
2015-09-14 01:08:57,836  INFO [main] - agh.project.ParserPackage.ParsePackages 147 - Satelite parsed successfully
2015-09-14 01:08:57,895  INFO [main] - agh.project.ParserPackage.ParsePackages 147 - Satelite parsed successfully
2015-09-14 01:08:57,932  INFO [main] - agh.project.ParserPackage.ParsePackages 147 - Satelite parsed successfully
2015-09-14 01:08:57,949  INFO [main] - agh.project.ParserPackage.ParsePackages 147 - Satelite parsed successfully
2015-09-14 01:08:57,982  INFO [main] - agh.project.ParserPackage.ParsePackages 147 - Satelite parsed successfully
2015-09-14 01:08:58,030  INFO [main] - agh.project.ParserPackage.ParsePackages 147 - Satelite parsed successfully
2015-09-14 01:08:58,097  INFO [main] - agh.project.ParserPackage.ParsePackages 147 - Satelite parsed successfully
2015-09-14 01:08:58,136  INFO [main] - agh.project.ParserPackage.ParsePackages 147 - Satelite parsed successfully
2015-09-14 01:08:58,217  INFO [main] - agh.project.ParserPackage.ParsePackages 147 - Satelite parsed successfully
2015-09-14 01:08:58,254  INFO [main] - agh.project.ParserPackage.ParsePackages 147 - Satelite parsed successfully
2015-09-14 01:08:58,561  INFO [main] - agh.project.ParserPackage.ParseChannels 307 - Channels parsed successfully
2015-09-14 01:08:58,568  INFO [main] - agh.project.ParserPackage.SaveToFile 338 - File channels/Eutelsat Hot Bird 13B.txt created successfully
2015-09-14 01:11:00,961  INFO [main] - agh.project.ParserPackage.ParsePackages 147 - Satelite parsed successfully
2015-09-14 01:11:15,391  INFO [main] - agh.project.ParserPackage.ParsePackages 147 - Satelite parsed successfully
2015-09-14 01:11:15,459  INFO [main] - agh.project.ParserPackage.ParsePackages 147 - Satelite parsed successfully
2015-09-14 01:11:15,479  INFO [main] - agh.project.ParserPackage.ParsePackages 147 - Satelite parsed successfully
2015-09-14 01:11:15,534  INFO [main] - agh.project.ParserPackage.ParsePackages 147 - Satelite parsed successfully
2015-09-14 01:11:15,565  INFO [main] - agh.project.ParserPackage.ParsePackages 147 - Satelite parsed successfully
2015-09-14 01:11:15,614  INFO [main] - agh.project.ParserPackage.ParsePackages 147 - Satelite parsed successfully
2015-09-14 01:11:15,671  INFO [main] - agh.project.ParserPackage.ParsePackages 147 - Satelite parsed successfully
2015-09-14 01:11:15,692  INFO [main] - agh.project.ParserPackage.ParsePackages 147 - Satelite parsed successfully
2015-09-14 01:11:15,742  INFO [main] - agh.project.ParserPackage.ParsePackages 147 - Satelite parsed successfully
2015-09-14 01:11:15,759  INFO [main] - agh.project.ParserPackage.ParsePackages 147 - Satelite parsed successfully
2015-09-14 01:11:15,807  INFO [main] - agh.project.ParserPackage.ParsePackages 147 - Satelite parsed successfully
2015-09-14 01:11:15,841  INFO [main] - agh.project.ParserPackage.ParsePackages 147 - Satelite parsed successfully
2015-09-14 01:11:15,859  INFO [main] - agh.project.ParserPackage.ParsePackages 147 - Satelite parsed successfully
2015-09-14 01:11:15,892  INFO [main] - agh.project.ParserPackage.ParsePackages 147 - Satelite parsed successfully
2015-09-14 01:11:15,910  INFO [main] - agh.project.ParserPackage.ParsePackages 147 - Satelite parsed successfully
2015-09-14 01:11:15,940  INFO [main] - agh.project.ParserPackage.ParsePackages 147 - Satelite parsed successfully
2015-09-14 01:11:15,963  INFO [main] - agh.project.ParserPackage.ParsePackages 147 - Satelite parsed successfully
2015-09-14 01:11:15,991  INFO [main] - agh.project.ParserPackage.ParsePackages 147 - Satelite parsed successfully
2015-09-14 01:11:16,007  INFO [main] - agh.project.ParserPackage.ParsePackages 147 - Satelite parsed successfully
2015-09-14 01:11:16,053  INFO [main] - agh.project.ParserPackage.ParsePackages 147 - Satelite parsed successfully
2015-09-14 01:11:16,081  INFO [main] - agh.project.ParserPackage.ParsePackages 147 - Satelite parsed successfully
2015-09-14 01:11:16,099  INFO [main] - agh.project.ParserPackage.ParsePackages 147 - Satelite parsed successfully
2015-09-14 01:11:16,128  INFO [main] - agh.project.ParserPackage.ParsePackages 147 - Satelite parsed successfully
2015-09-14 01:11:16,147  INFO [main] - agh.project.ParserPackage.ParsePackages 147 - Satelite parsed successfully
2015-09-14 01:11:16,178  INFO [main] - agh.project.ParserPackage.ParsePackages 147 - Satelite parsed successfully
2015-09-14 01:11:16,197  INFO [main] - agh.project.ParserPackage.ParsePackages 147 - Satelite parsed successfully
2015-09-14 01:11:16,411  INFO [main] - agh.project.ParserPackage.ParsePackages 147 - Satelite parsed successfully
2015-09-14 01:11:16,428  INFO [main] - agh.project.ParserPackage.ParsePackages 147 - Satelite parsed successfully
2015-09-14 01:11:16,475  INFO [main] - agh.project.ParserPackage.ParsePackages 147 - Satelite parsed successfully
2015-09-14 01:11:16,511  INFO [main] - agh.project.ParserPackage.ParsePackages 147 - Satelite parsed successfully
2015-09-14 01:11:16,528  INFO [main] - agh.project.ParserPackage.ParsePackages 147 - Satelite parsed successfully
2015-09-14 01:11:16,637  INFO [main] - agh.project.ParserPackage.ParsePackages 147 - Satelite parsed successfully
2015-09-14 01:11:16,659  INFO [main] - agh.project.ParserPackage.ParsePackages 147 - Satelite parsed successfully
2015-09-14 01:11:16,688  INFO [main] - agh.project.ParserPackage.ParsePackages 147 - Satelite parsed successfully
2015-09-14 01:11:16,706  INFO [main] - agh.project.ParserPackage.ParsePackages 147 - Satelite parsed successfully
2015-09-14 01:11:16,745  INFO [main] - agh.project.ParserPackage.ParsePackages 147 - Satelite parsed successfully
2015-09-14 01:11:16,778  INFO [main] - agh.project.ParserPackage.ParsePackages 147 - Satelite parsed successfully
2015-09-14 01:11:16,797  INFO [main] - agh.project.ParserPackage.ParsePackages 147 - Satelite parsed successfully
2015-09-14 01:11:16,857  INFO [main] - agh.project.ParserPackage.ParsePackages 147 - Satelite parsed successfully
2015-09-14 01:11:16,876  INFO [main] - agh.project.ParserPackage.ParsePackages 147 - Satelite parsed successfully
2015-09-14 01:11:16,931  INFO [main] - agh.project.ParserPackage.ParsePackages 147 - Satelite parsed successfully
2015-09-14 01:11:16,956  INFO [main] - agh.project.ParserPackage.ParsePackages 147 - Satelite parsed successfully
2015-09-14 01:11:17,013  INFO [main] - agh.project.ParserPackage.ParsePackages 147 - Satelite parsed successfully
2015-09-14 01:11:17,040  INFO [main] - agh.project.ParserPackage.ParsePackages 147 - Satelite parsed successfully
2015-09-14 01:11:17,071  INFO [main] - agh.project.ParserPackage.ParsePackages 147 - Satelite parsed successfully
2015-09-14 01:11:17,097  INFO [main] - agh.project.ParserPackage.ParsePackages 147 - Satelite parsed successfully
2015-09-14 01:11:17,116  INFO [main] - agh.project.ParserPackage.ParsePackages 147 - Satelite parsed successfully
2015-09-14 01:11:17,180  INFO [main] - agh.project.ParserPackage.ParsePackages 147 - Satelite parsed successfully
2015-09-14 01:11:17,202  INFO [main] - agh.project.ParserPackage.ParsePackages 147 - Satelite parsed successfully
2015-09-14 01:11:17,237  INFO [main] - agh.project.ParserPackage.ParsePackages 147 - Satelite parsed successfully
2015-09-14 01:11:17,265  INFO [main] - agh.project.ParserPackage.ParsePackages 147 - Satelite parsed successfully
2015-09-14 01:11:17,324  INFO [main] - agh.project.ParserPackage.ParsePackages 147 - Satelite parsed successfully
2015-09-14 01:11:17,348  INFO [main] - agh.project.ParserPackage.ParsePackages 147 - Satelite parsed successfully
2015-09-14 01:11:17,384  INFO [main] - agh.project.ParserPackage.ParsePackages 147 - Satelite parsed successfully
2015-09-14 01:11:17,446  INFO [main] - agh.project.ParserPackage.ParsePackages 147 - Satelite parsed successfully
2015-09-14 01:11:17,473  INFO [main] - agh.project.ParserPackage.ParsePackages 147 - Satelite parsed successfully
2015-09-14 01:11:17,550  INFO [main] - agh.project.ParserPackage.ParsePackages 147 - Satelite parsed successfully
2015-09-14 01:11:17,574  INFO [main] - agh.project.ParserPackage.ParsePackages 147 - Satelite parsed successfully
2015-09-14 01:11:17,616  INFO [main] - agh.project.ParserPackage.ParsePackages 147 - Satelite parsed successfully
2015-09-14 01:11:17,672  INFO [main] - agh.project.ParserPackage.ParsePackages 147 - Satelite parsed successfully
2015-09-14 01:11:17,747  INFO [main] - agh.project.ParserPackage.ParsePackages 147 - Satelite parsed successfully
2015-09-14 01:11:17,775  INFO [main] - agh.project.ParserPackage.ParsePackages 147 - Satelite parsed successfully
2015-09-14 01:11:17,806  INFO [main] - agh.project.ParserPackage.ParsePackages 147 - Satelite parsed successfully
2015-09-14 01:11:17,837  INFO [main] - agh.project.ParserPackage.ParsePackages 147 - Satelite parsed successfully
2015-09-14 01:11:17,862  INFO [main] - agh.project.ParserPackage.ParsePackages 147 - Satelite parsed successfully
2015-09-14 01:11:17,896  INFO [main] - agh.project.ParserPackage.ParsePackages 147 - Satelite parsed successfully
2015-09-14 01:11:17,918  INFO [main] - agh.project.ParserPackage.ParsePackages 147 - Satelite parsed successfully
2015-09-14 01:11:17,970  INFO [main] - agh.project.ParserPackage.ParsePackages 147 - Satelite parsed successfully
2015-09-14 01:11:17,997  INFO [main] - agh.project.ParserPackage.ParsePackages 147 - Satelite parsed successfully
2015-09-14 01:11:18,345  INFO [main] - agh.project.ParserPackage.ParseChannels 307 - Channels parsed successfully
2015-09-14 01:11:18,349  INFO [main] - agh.project.ParserPackage.SaveToFile 338 - File channels/Eutelsat Hot Bird 13B.txt created successfully
2015-09-14 01:13:53,301  INFO [main] - agh.project.ParserPackage.ParsePackages 146 - Satelite parsed successfully
2015-09-14 01:13:53,341  INFO [main] - agh.project.ParserPackage.ParsePackages 146 - Satelite parsed successfully
2015-09-14 01:13:53,379  INFO [main] - agh.project.ParserPackage.ParsePackages 146 - Satelite parsed successfully
2015-09-14 01:13:53,412  INFO [main] - agh.project.ParserPackage.ParsePackages 146 - Satelite parsed successfully
2015-09-14 01:13:53,445  INFO [main] - agh.project.ParserPackage.ParsePackages 146 - Satelite parsed successfully
2015-09-14 01:13:53,464  INFO [main] - agh.project.ParserPackage.ParsePackages 146 - Satelite parsed successfully
2015-09-14 01:13:53,498  INFO [main] - agh.project.ParserPackage.ParsePackages 146 - Satelite parsed successfully
2015-09-14 01:13:53,532  INFO [main] - agh.project.ParserPackage.ParsePackages 146 - Satelite parsed successfully
2015-09-14 01:13:53,561  INFO [main] - agh.project.ParserPackage.ParsePackages 146 - Satelite parsed successfully
2015-09-14 01:13:53,580  INFO [main] - agh.project.ParserPackage.ParsePackages 146 - Satelite parsed successfully
2015-09-14 01:13:53,631  INFO [main] - agh.project.ParserPackage.ParsePackages 146 - Satelite parsed successfully
2015-09-14 01:13:53,657  INFO [main] - agh.project.ParserPackage.ParsePackages 146 - Satelite parsed successfully
2015-09-14 01:13:53,685  INFO [main] - agh.project.ParserPackage.ParsePackages 146 - Satelite parsed successfully
2015-09-14 01:13:53,723  INFO [main] - agh.project.ParserPackage.ParsePackages 146 - Satelite parsed successfully
2015-09-14 01:13:53,751  INFO [main] - agh.project.ParserPackage.ParsePackages 146 - Satelite parsed successfully
2015-09-14 01:13:53,779  INFO [main] - agh.project.ParserPackage.ParsePackages 146 - Satelite parsed successfully
2015-09-14 01:13:53,841  INFO [main] - agh.project.ParserPackage.ParsePackages 146 - Satelite parsed successfully
2015-09-14 01:13:53,887  INFO [main] - agh.project.ParserPackage.ParsePackages 146 - Satelite parsed successfully
2015-09-14 01:13:53,914  INFO [main] - agh.project.ParserPackage.ParsePackages 146 - Satelite parsed successfully
2015-09-14 01:13:53,940  INFO [main] - agh.project.ParserPackage.ParsePackages 146 - Satelite parsed successfully
2015-09-14 01:13:53,965  INFO [main] - agh.project.ParserPackage.ParsePackages 146 - Satelite parsed successfully
2015-09-14 01:13:53,983  INFO [main] - agh.project.ParserPackage.ParsePackages 146 - Satelite parsed successfully
2015-09-14 01:13:54,026  INFO [main] - agh.project.ParserPackage.ParsePackages 146 - Satelite parsed successfully
2015-09-14 01:13:54,044  INFO [main] - agh.project.ParserPackage.ParsePackages 146 - Satelite parsed successfully
2015-09-14 01:13:54,073  INFO [main] - agh.project.ParserPackage.ParsePackages 146 - Satelite parsed successfully
2015-09-14 01:13:54,147  INFO [main] - agh.project.ParserPackage.ParsePackages 146 - Satelite parsed successfully
2015-09-14 01:13:54,199  INFO [main] - agh.project.ParserPackage.ParsePackages 146 - Satelite parsed successfully
2015-09-14 01:13:54,271  INFO [main] - agh.project.ParserPackage.ParsePackages 146 - Satelite parsed successfully
2015-09-14 01:13:54,296  INFO [main] - agh.project.ParserPackage.ParsePackages 146 - Satelite parsed successfully
2015-09-14 01:13:54,353  INFO [main] - agh.project.ParserPackage.ParsePackages 146 - Satelite parsed successfully
2015-09-14 01:13:54,370  INFO [main] - agh.project.ParserPackage.ParsePackages 146 - Satelite parsed successfully
2015-09-14 01:13:54,482  INFO [main] - agh.project.ParserPackage.ParsePackages 146 - Satelite parsed successfully
2015-09-14 01:13:54,502  INFO [main] - agh.project.ParserPackage.ParsePackages 146 - Satelite parsed successfully
2015-09-14 01:13:54,562  INFO [main] - agh.project.ParserPackage.ParsePackages 146 - Satelite parsed successfully
2015-09-14 01:13:54,606  INFO [main] - agh.project.ParserPackage.ParsePackages 146 - Satelite parsed successfully
2015-09-14 01:13:54,658  INFO [main] - agh.project.ParserPackage.ParsePackages 146 - Satelite parsed successfully
2015-09-14 01:13:54,682  INFO [main] - agh.project.ParserPackage.ParsePackages 146 - Satelite parsed successfully
2015-09-14 01:13:54,708  INFO [main] - agh.project.ParserPackage.ParsePackages 146 - Satelite parsed successfully
2015-09-14 01:13:54,756  INFO [main] - agh.project.ParserPackage.ParsePackages 146 - Satelite parsed successfully
2015-09-14 01:13:54,773  INFO [main] - agh.project.ParserPackage.ParsePackages 146 - Satelite parsed successfully
2015-09-14 01:13:54,800  INFO [main] - agh.project.ParserPackage.ParsePackages 146 - Satelite parsed successfully
2015-09-14 01:13:54,817  INFO [main] - agh.project.ParserPackage.ParsePackages 146 - Satelite parsed successfully
2015-09-14 01:13:54,871  INFO [main] - agh.project.ParserPackage.ParsePackages 146 - Satelite parsed successfully
2015-09-14 01:13:54,887  INFO [main] - agh.project.ParserPackage.ParsePackages 146 - Satelite parsed successfully
2015-09-14 01:13:54,938  INFO [main] - agh.project.ParserPackage.ParsePackages 146 - Satelite parsed successfully
2015-09-14 01:13:54,965  INFO [main] - agh.project.ParserPackage.ParsePackages 146 - Satelite parsed successfully
2015-09-14 01:13:54,983  INFO [main] - agh.project.ParserPackage.ParsePackages 146 - Satelite parsed successfully
2015-09-14 01:13:55,012  INFO [main] - agh.project.ParserPackage.ParsePackages 146 - Satelite parsed successfully
2015-09-14 01:13:55,046  INFO [main] - agh.project.ParserPackage.ParsePackages 146 - Satelite parsed successfully
2015-09-14 01:13:55,074  INFO [main] - agh.project.ParserPackage.ParsePackages 146 - Satelite parsed successfully
2015-09-14 01:13:55,093  INFO [main] - agh.project.ParserPackage.ParsePackages 146 - Satelite parsed successfully
2015-09-14 01:13:55,130  INFO [main] - agh.project.ParserPackage.ParsePackages 146 - Satelite parsed successfully
2015-09-14 01:13:55,149  INFO [main] - agh.project.ParserPackage.ParsePackages 146 - Satelite parsed successfully
2015-09-14 01:13:55,205  INFO [main] - agh.project.ParserPackage.ParsePackages 146 - Satelite parsed successfully
2015-09-14 01:13:55,233  INFO [main] - agh.project.ParserPackage.ParsePackages 146 - Satelite parsed successfully
2015-09-14 01:13:55,253  INFO [main] - agh.project.ParserPackage.ParsePackages 146 - Satelite parsed successfully
2015-09-14 01:13:55,280  INFO [main] - agh.project.ParserPackage.ParsePackages 146 - Satelite parsed successfully
2015-09-14 01:13:55,313  INFO [main] - agh.project.ParserPackage.ParsePackages 146 - Satelite parsed successfully
2015-09-14 01:13:55,341  INFO [main] - agh.project.ParserPackage.ParsePackages 146 - Satelite parsed successfully
2015-09-14 01:13:55,360  INFO [main] - agh.project.ParserPackage.ParsePackages 146 - Satelite parsed successfully
2015-09-14 01:13:55,388  INFO [main] - agh.project.ParserPackage.ParsePackages 146 - Satelite parsed successfully
2015-09-14 01:13:55,424  INFO [main] - agh.project.ParserPackage.ParsePackages 146 - Satelite parsed successfully
2015-09-14 01:13:55,442  INFO [main] - agh.project.ParserPackage.ParsePackages 146 - Satelite parsed successfully
2015-09-14 01:13:55,501  INFO [main] - agh.project.ParserPackage.ParsePackages 146 - Satelite parsed successfully
2015-09-14 01:13:55,522  INFO [main] - agh.project.ParserPackage.ParsePackages 146 - Satelite parsed successfully
2015-09-14 01:13:55,548  INFO [main] - agh.project.ParserPackage.ParsePackages 146 - Satelite parsed successfully
2015-09-14 01:13:55,565  INFO [main] - agh.project.ParserPackage.ParsePackages 146 - Satelite parsed successfully
2015-09-14 01:13:55,608  INFO [main] - agh.project.ParserPackage.ParsePackages 146 - Satelite parsed successfully
2015-09-14 01:13:55,630  INFO [main] - agh.project.ParserPackage.ParsePackages 146 - Satelite parsed successfully
2015-09-14 01:13:55,918  INFO [main] - agh.project.ParserPackage.ParseChannels 306 - Channels parsed successfully
2015-09-14 01:13:55,923  INFO [main] - agh.project.ParserPackage.SaveToFile 337 - File channels/Eutelsat Hot Bird 13B.txt created successfully
2015-09-14 01:14:18,044  INFO [main] - agh.project.ParserPackage.ParsePackages 146 - Satelite parsed successfully
2015-09-14 01:14:18,114  INFO [main] - agh.project.ParserPackage.ParsePackages 146 - Satelite parsed successfully
2015-09-14 01:14:18,144  INFO [main] - agh.project.ParserPackage.ParsePackages 146 - Satelite parsed successfully
2015-09-14 01:14:18,213  INFO [main] - agh.project.ParserPackage.ParsePackages 146 - Satelite parsed successfully
2015-09-14 01:14:18,327  INFO [main] - agh.project.ParserPackage.ParsePackages 146 - Satelite parsed successfully
2015-09-14 01:14:18,356  INFO [main] - agh.project.ParserPackage.ParsePackages 146 - Satelite parsed successfully
2015-09-14 01:14:18,399  INFO [main] - agh.project.ParserPackage.ParsePackages 146 - Satelite parsed successfully
2015-09-14 01:14:18,468  INFO [main] - agh.project.ParserPackage.ParsePackages 146 - Satelite parsed successfully
2015-09-14 01:14:18,506  INFO [main] - agh.project.ParserPackage.ParsePackages 146 - Satelite parsed successfully
2015-09-14 01:14:18,528  INFO [main] - agh.project.ParserPackage.ParsePackages 146 - Satelite parsed successfully
2015-09-14 01:14:18,599  INFO [main] - agh.project.ParserPackage.ParsePackages 146 - Satelite parsed successfully
2015-09-14 01:14:18,668  INFO [main] - agh.project.ParserPackage.ParsePackages 146 - Satelite parsed successfully
2015-09-14 01:14:18,700  INFO [main] - agh.project.ParserPackage.ParsePackages 146 - Satelite parsed successfully
2015-09-14 01:14:18,798  INFO [main] - agh.project.ParserPackage.ParsePackages 146 - Satelite parsed successfully
2015-09-14 01:14:18,819  INFO [main] - agh.project.ParserPackage.ParsePackages 146 - Satelite parsed successfully
2015-09-14 01:14:18,872  INFO [main] - agh.project.ParserPackage.ParsePackages 146 - Satelite parsed successfully
2015-09-14 01:14:18,932  INFO [main] - agh.project.ParserPackage.ParsePackages 146 - Satelite parsed successfully
2015-09-14 01:14:18,984  INFO [main] - agh.project.ParserPackage.ParsePackages 146 - Satelite parsed successfully
2015-09-14 01:14:19,003  INFO [main] - agh.project.ParserPackage.ParsePackages 146 - Satelite parsed successfully
2015-09-14 01:14:19,039  INFO [main] - agh.project.ParserPackage.ParsePackages 146 - Satelite parsed successfully
2015-09-14 01:14:19,064  INFO [main] - agh.project.ParserPackage.ParsePackages 146 - Satelite parsed successfully
2015-09-14 01:14:19,083  INFO [main] - agh.project.ParserPackage.ParsePackages 146 - Satelite parsed successfully
2015-09-14 01:14:19,112  INFO [main] - agh.project.ParserPackage.ParsePackages 146 - Satelite parsed successfully
2015-09-14 01:14:19,129  INFO [main] - agh.project.ParserPackage.ParsePackages 146 - Satelite parsed successfully
2015-09-14 01:14:19,170  INFO [main] - agh.project.ParserPackage.ParsePackages 146 - Satelite parsed successfully
2015-09-14 01:14:19,188  INFO [main] - agh.project.ParserPackage.ParsePackages 146 - Satelite parsed successfully
2015-09-14 01:14:19,233  INFO [main] - agh.project.ParserPackage.ParsePackages 146 - Satelite parsed successfully
2015-09-14 01:14:19,263  INFO [main] - agh.project.ParserPackage.ParsePackages 146 - Satelite parsed successfully
2015-09-14 01:14:19,296  INFO [main] - agh.project.ParserPackage.ParsePackages 146 - Satelite parsed successfully
2015-09-14 01:14:19,334  INFO [main] - agh.project.ParserPackage.ParsePackages 146 - Satelite parsed successfully
2015-09-14 01:14:19,357  INFO [main] - agh.project.ParserPackage.ParsePackages 146 - Satelite parsed successfully
2015-09-14 01:14:19,400  INFO [main] - agh.project.ParserPackage.ParsePackages 146 - Satelite parsed successfully
2015-09-14 01:14:19,425  INFO [main] - agh.project.ParserPackage.ParsePackages 146 - Satelite parsed successfully
2015-09-14 01:14:19,456  INFO [main] - agh.project.ParserPackage.ParsePackages 146 - Satelite parsed successfully
2015-09-14 01:14:19,475  INFO [main] - agh.project.ParserPackage.ParsePackages 146 - Satelite parsed successfully
2015-09-14 01:14:19,527  INFO [main] - agh.project.ParserPackage.ParsePackages 146 - Satelite parsed successfully
2015-09-14 01:14:19,547  INFO [main] - agh.project.ParserPackage.ParsePackages 146 - Satelite parsed successfully
2015-09-14 01:14:19,575  INFO [main] - agh.project.ParserPackage.ParsePackages 146 - Satelite parsed successfully
2015-09-14 01:14:19,622  INFO [main] - agh.project.ParserPackage.ParsePackages 146 - Satelite parsed successfully
2015-09-14 01:14:19,641  INFO [main] - agh.project.ParserPackage.ParsePackages 146 - Satelite parsed successfully
2015-09-14 01:14:19,669  INFO [main] - agh.project.ParserPackage.ParsePackages 146 - Satelite parsed successfully
2015-09-14 01:14:19,698  INFO [main] - agh.project.ParserPackage.ParsePackages 146 - Satelite parsed successfully
2015-09-14 01:14:19,725  INFO [main] - agh.project.ParserPackage.ParsePackages 146 - Satelite parsed successfully
2015-09-14 01:14:19,743  INFO [main] - agh.project.ParserPackage.ParsePackages 146 - Satelite parsed successfully
2015-09-14 01:14:19,795  INFO [main] - agh.project.ParserPackage.ParsePackages 146 - Satelite parsed successfully
2015-09-14 01:14:19,823  INFO [main] - agh.project.ParserPackage.ParsePackages 146 - Satelite parsed successfully
2015-09-14 01:14:19,841  INFO [main] - agh.project.ParserPackage.ParsePackages 146 - Satelite parsed successfully
2015-09-14 01:14:19,888  INFO [main] - agh.project.ParserPackage.ParsePackages 146 - Satelite parsed successfully
2015-09-14 01:14:19,906  INFO [main] - agh.project.ParserPackage.ParsePackages 146 - Satelite parsed successfully
2015-09-14 01:14:19,935  INFO [main] - agh.project.ParserPackage.ParsePackages 146 - Satelite parsed successfully
2015-09-14 01:14:19,968  INFO [main] - agh.project.ParserPackage.ParsePackages 146 - Satelite parsed successfully
2015-09-14 01:14:19,999  INFO [main] - agh.project.ParserPackage.ParsePackages 146 - Satelite parsed successfully
2015-09-14 01:14:20,018  INFO [main] - agh.project.ParserPackage.ParsePackages 146 - Satelite parsed successfully
2015-09-14 01:14:20,070  INFO [main] - agh.project.ParserPackage.ParsePackages 146 - Satelite parsed successfully
2015-09-14 01:14:20,112  INFO [main] - agh.project.ParserPackage.ParsePackages 146 - Satelite parsed successfully
2015-09-14 01:14:20,140  INFO [main] - agh.project.ParserPackage.ParsePackages 146 - Satelite parsed successfully
2015-09-14 01:14:20,170  INFO [main] - agh.project.ParserPackage.ParsePackages 146 - Satelite parsed successfully
2015-09-14 01:14:20,187  INFO [main] - agh.project.ParserPackage.ParsePackages 146 - Satelite parsed successfully
2015-09-14 01:14:20,215  INFO [main] - agh.project.ParserPackage.ParsePackages 146 - Satelite parsed successfully
2015-09-14 01:14:20,242  INFO [main] - agh.project.ParserPackage.ParsePackages 146 - Satelite parsed successfully
2015-09-14 01:14:20,270  INFO [main] - agh.project.ParserPackage.ParsePackages 146 - Satelite parsed successfully
2015-09-14 01:14:20,296  INFO [main] - agh.project.ParserPackage.ParsePackages 146 - Satelite parsed successfully
2015-09-14 01:14:20,319  INFO [main] - agh.project.ParserPackage.ParsePackages 146 - Satelite parsed successfully
2015-09-14 01:14:20,370  INFO [main] - agh.project.ParserPackage.ParsePackages 146 - Satelite parsed successfully
2015-09-14 01:14:20,400  INFO [main] - agh.project.ParserPackage.ParsePackages 146 - Satelite parsed successfully
2015-09-14 01:14:20,429  INFO [main] - agh.project.ParserPackage.ParsePackages 146 - Satelite parsed successfully
2015-09-14 01:14:20,446  INFO [main] - agh.project.ParserPackage.ParsePackages 146 - Satelite parsed successfully
2015-09-14 01:14:20,473  INFO [main] - agh.project.ParserPackage.ParsePackages 146 - Satelite parsed successfully
2015-09-14 01:14:20,495  INFO [main] - agh.project.ParserPackage.ParsePackages 146 - Satelite parsed successfully
2015-09-14 01:14:20,778  INFO [main] - agh.project.ParserPackage.SaveToFile 337 - File channels/Eutelsat Hot Bird 13B.txt created successfully
2015-09-14 01:14:47,694  INFO [main] - agh.project.ParserPackage.SaveToFile 337 - File channels/Eutelsat Hot Bird 13B.txt created successfully
2015-09-14 01:18:36,112  INFO [main] - agh.project.ParserPackage.SaveToFile 338 - File channels/Eutelsat Hot Bird 13B.txt created successfully
2015-09-14 01:23:54,089  INFO [main] - agh.project.ParserPackage.SaveToFile 338 - File channels/Eutelsat Hot Bird 13B.txt created successfully
2015-09-14 01:27:25,878  INFO [main] - agh.project.ParserPackage.SaveToFile 338 - File channels/Eutelsat Hot Bird 13B.txt created successfully
